<?xml version="1.0" encoding="utf-8"?><testsuites name="pytest tests"><testsuite name="pytest" errors="0" failures="0" skipped="0" tests="41" time="3.907" timestamp="2026-06-23T11:45:42.500280-05:00" hostname="cachyos-ideapad-slim3"><testcase classname="tests.test_constraints" name="test_foreign_key_constraint" time="0.181" /><testcase classname="tests.test_constraints" name="test_metric_check_constraints" time="0.230" /><testcase classname="tests.test_constraints" name="test_modality_check_constraint" time="0.117" /><testcase classname="tests.test_constraints" name="test_unique_evaluation_constraint" time="0.141" /><testcase classname="tests.test_moderation.TestHeuristicFilter" name="test_allow_clean_comment" time="0.001" /><testcase classname="tests.test_moderation.TestHeuristicFilter" name="test_banned_term_detection" time="0.002" /><testcase classname="tests.test_moderation.TestHeuristicFilter" name="test_email_pattern_detection" time="0.001" /><testcase classname="tests.test_moderation.TestHeuristicFilter" name="test_url_pattern_detection" time="0.001" /><testcase classname="tests.test_moderation.TestHeuristicFilter" name="test_zero_width_chars_detection" time="0.001" /><testcase classname="tests.test_moderation.TestHeuristicFilter" name="test_excessive_caps_scoring" time="0.002" /><testcase classname="tests.test_moderation.TestHeuristicFilter" name="test_repeated_chars_scoring" time="0.002" /><testcase classname="tests.test_moderation.TestHeuristicFilter" name="test_phone_pattern_detection" time="0.001" /><testcase classname="tests.test_moderation.TestHeuristicFilter" name="test_l33t_speak_no_score_without_db" time="0.001" /><testcase classname="tests.test_moderation.TestHeuristicFilter" name="test_gibberish_detection" time="0.001" /><testcase classname="tests.test_moderation.TestHeuristicFilter" name="test_cumulative_violations" time="0.002" /><testcase classname="tests.test_moderation.TestHeuristicFilter" name="test_normal_comment_with_numbers" time="0.002" /><testcase classname="tests.test_moderation.TestHeuristicFilter" name="test_normal_comment_with_punctuation" time="0.001" /><testcase classname="tests.test_moderation.TestHeuristicFilter" name="test_banned_term_detection_with_db" time="0.132" /><testcase classname="tests.test_moderation.TestHeuristicFilter" name="test_banned_term_severity_filtering" time="0.084" /><testcase classname="tests.test_moderation.TestHeuristicFilter" name="test_banned_term_cache_ttl" time="0.126" /><testcase classname="tests.test_nlp_summary" name="test_select_reviews_sampling" time="0.191" /><testcase classname="tests.test_nlp_summary" name="test_generate_and_store_guards_and_upsert" time="0.152" /><testcase classname="tests.test_nlp_summary" name="test_run_summary_job_lifecycle" time="0.193" /><testcase classname="tests.test_nlp_summary" name="test_find_stale_professor_ids" time="0.187" /><testcase classname="tests.test_rate_limiter.TestReportRateLimiter" name="test_first_report_allowed" time="0.003" /><testcase classname="tests.test_rate_limiter.TestReportRateLimiter" name="test_within_limit" time="0.003" /><testcase classname="tests.test_rate_limiter.TestReportRateLimiter" name="test_rate_limit_exceeded" time="0.003" /><testcase classname="tests.test_rate_limiter.TestReportRateLimiter" name="test_record_report" time="0.003" /><testcase classname="tests.test_rate_limiter.TestReportRateLimiter" name="test_old_timestamps_filtered_out" time="0.003" /><testcase classname="tests.test_rate_limiter.TestReportAbuseDetector" name="test_no_abuse_initially" time="0.003" /><testcase classname="tests.test_rate_limiter.TestReportAbuseDetector" name="test_abuse_detection_at_threshold" time="0.004" /><testcase classname="tests.test_rate_limiter.TestReportAbuseDetector" name="test_increment_abuse_count" time="0.003" /><testcase classname="tests.test_rate_limiter.TestReportAbuseDetector" name="test_reset_abuse_count" time="0.003" /><testcase classname="tests.test_report_service.TestReportService" name="test_create_report_success" time="0.155" /><testcase classname="tests.test_report_service.TestReportService" name="test_create_report_rate_limited" time="0.163" /><testcase classname="tests.test_report_service.TestReportService" name="test_create_report_abuse_detected" time="0.112" /><testcase classname="tests.test_report_service.TestReportService" name="test_create_report_comment_not_found" time="0.119" /><testcase classname="tests.test_report_service.TestReportService" name="test_create_report_escalates_on_high_score" time="0.166" /><testcase classname="tests.test_report_service.TestReportService" name="test_weighted_score_calculation" time="0.160" /><testcase classname="tests.test_transactions" name="test_atomic_rollback_on_failure" time="0.126" /><testcase classname="tests.test_transactions" name="test_concurrent_transactions_acid" time="0.118" /></testsuite></testsuites>